<?xml version="1.0" encoding="UTF-8"?>
<!-- Generated by org.testng.reporters.JUnitXMLReporter -->
<testsuite ignored="0" hostname="LAPTOP-RK4E0QFO" failures="0" tests="3" name="Default test" time="77.723" errors="0" timestamp="2022-07-22T19:45:42 IST">
  <testcase classname="com.OrangeHRM.TestCases.TC_002_DataProvider" name="dataProvideLoginCheck" time="5.989"/>
  <testcase classname="com.OrangeHRM.TestCases.TC_002_DataProvider" name="dataProvideLoginCheck" time="3.292"/>
  <testcase classname="com.OrangeHRM.TestCases.TC_002_DataProvider" name="dataProvideLoginCheck" time="9.118"/>
</testsuite> <!-- Default test -->
