<?xml version="1.0" encoding="UTF-8"?>
<!-- Generated by org.testng.reporters.JUnitXMLReporter -->
<testsuite ignored="0" hostname="LAPTOP-RK4E0QFO" failures="1" tests="1" name="AdminJobTest" time="0.05" errors="0" timestamp="2022-05-22T13:16:39 IST">
  <testcase classname="com.OrangeHRM.TestCases.TC_003_Admin_Job_EmployeeStatus" name="checkEmployeeStatus" time="0.019">
    <failure type="java.lang.IllegalArgumentException" message="Driver must be set">
      <![CDATA[java.lang.IllegalArgumentException: Driver must be set
at org.openqa.selenium.internal.Require.nonNull(Require.java:59)
at org.openqa.selenium.interactions.Actions.<init>(Actions.java:68)
at com.OrangeHRM.PageObjects.AdminTab.getAdminElement(AdminTab.java:29)
at com.OrangeHRM.TestCases.TC_003_Admin_Job_EmployeeStatus.checkEmployeeStatus(TC_003_Admin_Job_EmployeeStatus.java:14)
at java.base/java.util.ArrayList.forEach(ArrayList.java:1540)
... Removed 27 stack frames]]>
    </failure>
  </testcase> <!-- checkEmployeeStatus -->
</testsuite> <!-- AdminJobTest -->
