<?xml version="1.0" encoding="UTF-8"?>
<!-- Generated by org.testng.reporters.JUnitXMLReporter -->
<testsuite ignored="0" hostname="LAPTOP-RK4E0QFO" failures="0" tests="3" name="Test" time="20.681" errors="0" timestamp="2022-05-20T22:57:33 IST">
  <testcase classname="com.OrangeHRM.TestCases.TC_0001_LoginCheckHRM" name="loginCheck" time="5.812"/>
  <testcase classname="com.OrangeHRM.TestCases.TC_0001_LoginCheckHRM" name="addEmployee" time="4.116"/>
  <testcase classname="com.OrangeHRM.TestCases.TC_0001_LoginCheckHRM" name="personalDetailsPage" time="0.328"/>
</testsuite> <!-- Test -->
