<?xml version="1.0" encoding="UTF-8"?>
<!-- Generated by org.testng.reporters.JUnitXMLReporter -->
<testsuite ignored="0" hostname="LAPTOP-RK4E0QFO" failures="0" tests="2" name="Test" time="18.904" errors="0" timestamp="2022-07-30T11:17:35 IST">
  <testcase classname="com.OrangeHRM.TestCases.TC_003_Admin_Job_EmployeeStatus" name="loginPageCheck" time="3.9"/>
  <testcase classname="com.OrangeHRM.TestCases.TC_003_Admin_Job_EmployeeStatus" name="checkEmployeeStatus" time="3.753"/>
</testsuite> <!-- Test -->
