<?xml version="1.0" encoding="UTF-8"?>
<!-- Generated by org.testng.reporters.JUnitXMLReporter -->
<testsuite ignored="0" hostname="LAPTOP-RK4E0QFO" failures="0" tests="3" name="Test" time="31.758" errors="0" timestamp="2022-05-21T00:00:23 IST">
  <testcase classname="com.OrangeHRM.TestCases.TC_0001_LoginCheckHRM" name="loginCheck" time="7.181"/>
  <testcase classname="com.OrangeHRM.TestCases.TC_0001_LoginCheckHRM" name="addEmployee" time="6.227"/>
  <testcase classname="com.OrangeHRM.TestCases.TC_0001_LoginCheckHRM" name="personalDetailsPage" time="0.558"/>
</testsuite> <!-- Test -->
