<?xml version="1.0" encoding="UTF-8"?>
<testsuite xmlns:xsi="http://www.w3.org/2001/XMLSchema-instance" xsi:noNamespaceSchemaLocation="https://maven.apache.org/surefire/maven-surefire-plugin/xsd/surefire-test-report-3.0.xsd" version="3.0" name="TestSuite" time="63.842" tests="4" errors="0" skipped="0" failures="0">
  <properties>
[...]
</properties>
  <testcase name="loginPageCheck" classname="com.OrangeHRM.TestCases.TC_0001_LoginCheckHRM" time="5.423">
    <system-out><![CDATA[11:58:40.921 [main] INFO  com.OrangeHRM.Utilities.Listeners - ChromeDriver opened
11:58:46.972 [main] INFO  com.OrangeHRM.TestCases.TC_0001_LoginCheckHRM - Entered Username
11:58:47.158 [main] INFO  com.OrangeHRM.TestCases.TC_0001_LoginCheckHRM - Enter password
11:58:51.298 [main] INFO  com.OrangeHRM.TestCases.TC_0001_LoginCheckHRM - Clicked on Login Button
]]></system-out>
    <system-err><![CDATA[log4j:WARN No appenders could be found for logger (org.testng.TestNG).
log4j:WARN Please initialize the log4j system properly.
log4j:WARN See http://logging.apache.org/log4j/1.2/faq.html#noconfig for more info.
Starting ChromeDriver 102.0.5005.61 (0e59bcc00cc4985ce39ad31c150065f159d95ad3-refs/branch-heads/5005@{#819}) on port 58797
Only local connections are allowed.
Please see https://chromedriver.chromium.org/security-considerations for suggestions on keeping ChromeDriver safe.
ChromeDriver was started successfully.
[1659162514.862][WARNING]: This version of ChromeDriver has not been tested with Chrome version 103.
Jul 30, 2022 11:58:40 AM org.openqa.selenium.remote.ProtocolHandshake createSession
INFO: Detected dialect: W3C
Jul 30, 2022 11:58:40 AM org.openqa.selenium.devtools.CdpVersionFinder findNearestMatch
WARNING: Unable to find an exact match for CDP version 103, so returning the closest version found: 101
Jul 30, 2022 11:58:40 AM org.openqa.selenium.devtools.CdpVersionFinder findNearestMatch
INFO: Found CDP implementation for version 103 of 101
]]></system-err>
  </testcase>
  <testcase name="addEmployee" classname="com.OrangeHRM.TestCases.TC_0001_LoginCheckHRM" time="8.134"/>
  <testcase name="loginPageCheck" classname="com.OrangeHRM.TestCases.TC_003_Admin_Job_EmployeeStatus" time="4.141">
    <system-out><![CDATA[11:59:04.034 [main] INFO  com.OrangeHRM.Utilities.Listeners - ChromeDriver opened
11:59:11.081 [main] INFO  com.OrangeHRM.TestCases.TC_0001_LoginCheckHRM - Entered Username
11:59:11.194 [main] INFO  com.OrangeHRM.TestCases.TC_0001_LoginCheckHRM - Enter password
11:59:15.099 [main] INFO  com.OrangeHRM.TestCases.TC_0001_LoginCheckHRM - Clicked on Login Button
]]></system-out>
    <system-err><![CDATA[Starting ChromeDriver 102.0.5005.61 (0e59bcc00cc4985ce39ad31c150065f159d95ad3-refs/branch-heads/5005@{#819}) on port 55254
Only local connections are allowed.
Please see https://chromedriver.chromium.org/security-considerations for suggestions on keeping ChromeDriver safe.
ChromeDriver was started successfully.
[1659162543.722][WARNING]: This version of ChromeDriver has not been tested with Chrome version 103.
Jul 30, 2022 11:59:03 AM org.openqa.selenium.remote.ProtocolHandshake createSession
INFO: Detected dialect: W3C
Jul 30, 2022 11:59:04 AM org.openqa.selenium.devtools.CdpVersionFinder findNearestMatch
WARNING: Unable to find an exact match for CDP version 103, so returning the closest version found: 101
Jul 30, 2022 11:59:04 AM org.openqa.selenium.devtools.CdpVersionFinder findNearestMatch
INFO: Found CDP implementation for version 103 of 101
]]></system-err>
  </testcase>
  <testcase name="checkEmployeeStatus" classname="com.OrangeHRM.TestCases.TC_003_Admin_Job_EmployeeStatus" time="4.214"/>
</testsuite>