<?xml version="1.0" encoding="UTF-8"?>
<!-- Generated by org.testng.reporters.JUnitXMLReporter -->
<testsuite ignored="1" hostname="LAPTOP-RK4E0QFO" failures="0" tests="1" name="LoginCheckTest" time="90.544" errors="0" timestamp="2023-01-26T10:30:42 IST">
  <testcase classname="com.OrangeHRM.TestCases.TC_0001_LoginCheckHRM" name="addEmployee" time="19.283"/>
  <testcase classname="com.OrangeHRM.TestCases.TC_0001_LoginCheckHRM" name="personalDetailsPage" time="0.0">
    <ignored/>
  </testcase> <!-- personalDetailsPage -->
</testsuite> <!-- LoginCheckTest -->
