<?xml version="1.0" encoding="UTF-8"?>
<!-- Generated by org.testng.reporters.JUnitXMLReporter -->
<testsuite ignored="1" hostname="LAPTOP-RK4E0QFO" failures="0" tests="1" name="LoginCheckTest" time="46.822" errors="0" timestamp="2022-10-07T14:32:47 IST">
  <testcase classname="com.OrangeHRM.TestCases.TC_0001_LoginCheckHRM" name="addEmployee" time="15.966"/>
  <testcase classname="com.OrangeHRM.TestCases.TC_0001_LoginCheckHRM" name="personalDetailsPage" time="0.0">
    <ignored/>
  </testcase> <!-- personalDetailsPage -->
</testsuite> <!-- LoginCheckTest -->
