<?xml version="1.0" encoding="UTF-8"?>
<!-- Generated by org.testng.reporters.JUnitXMLReporter -->
<testsuite ignored="1" hostname="LAPTOP-RK4E0QFO" failures="0" tests="2" name="LoginCheckTest" time="38.853" errors="0" timestamp="2022-07-30T11:59:01 IST">
  <testcase classname="com.OrangeHRM.TestCases.TC_0001_LoginCheckHRM" name="loginPageCheck" time="5.413"/>
  <testcase classname="com.OrangeHRM.TestCases.TC_0001_LoginCheckHRM" name="addEmployee" time="8.139"/>
  <testcase classname="com.OrangeHRM.TestCases.TC_004_PIM_AddEmployee" name="addEmployee" time="0.0">
    <ignored/>
  </testcase> <!-- addEmployee -->
</testsuite> <!-- LoginCheckTest -->
