<?xml version="1.0" encoding="UTF-8"?>
<testng-results ignored="2" total="4" passed="2" failed="0" skipped="0">
  <reporter-output>
  </reporter-output>
  <suite started-at="2022-05-22T19:21:04 IST" name="Suite" finished-at="2022-05-22T19:21:24 IST" duration-ms="20124">
    <groups>
    </groups>
    <test started-at="2022-05-22T19:21:04 IST" name="LoginCheckTest" finished-at="2022-05-22T19:21:24 IST" duration-ms="20124">
      <class name="com.OrangeHRM.TestCases.TC_0001_LoginCheckHRM">
        <test-method is-config="true" signature="setUp()[pri:0, instance:com.OrangeHRM.TestCases.TC_0001_LoginCheckHRM@423e4cbb]" started-at="2022-05-22T19:21:04 IST" name="setUp" finished-at="2022-05-22T19:21:15 IST" duration-ms="11185" status="PASS">
          <reporter-output>
          </reporter-output>
        </test-method> <!-- setUp -->
        <test-method signature="loginCheck()[pri:0, instance:com.OrangeHRM.TestCases.TC_0001_LoginCheckHRM@423e4cbb]" started-at="2022-05-22T19:21:15 IST" name="loginCheck" finished-at="2022-05-22T19:21:19 IST" duration-ms="4151" status="PASS">
          <reporter-output>
          </reporter-output>
        </test-method> <!-- loginCheck -->
        <test-method signature="checkEmployeeStatus()[pri:0, instance:com.OrangeHRM.TestCases.TC_0001_LoginCheckHRM@423e4cbb]" started-at="2022-05-22T19:21:19 IST" name="checkEmployeeStatus" finished-at="2022-05-22T19:21:24 IST" duration-ms="4731" status="PASS">
          <reporter-output>
          </reporter-output>
        </test-method> <!-- checkEmployeeStatus -->
      </class> <!-- com.OrangeHRM.TestCases.TC_0001_LoginCheckHRM -->
    </test> <!-- LoginCheckTest -->
  </suite> <!-- Suite -->
</testng-results>
