<?xml version="1.0" encoding="UTF-8"?>
<testng-results ignored="0" total="3" passed="3" failed="0" skipped="0">
  <reporter-output>
  </reporter-output>
  <suite started-at="2022-05-20T23:09:52 IST" name="Default suite" finished-at="2022-05-20T23:10:27 IST" duration-ms="35259">
    <groups>
    </groups>
    <test started-at="2022-05-20T23:09:52 IST" name="Default test" finished-at="2022-05-20T23:10:27 IST" duration-ms="35259">
      <class name="com.OrangeHRM.TestCases.TC_002_DataProvider">
        <test-method is-config="true" signature="setUp()[pri:0, instance:com.OrangeHRM.TestCases.TC_002_DataProvider@7d64e326]" started-at="2022-05-20T23:09:52 IST" name="setUp" finished-at="2022-05-20T23:10:08 IST" duration-ms="15882" status="PASS">
          <reporter-output>
          </reporter-output>
        </test-method> <!-- setUp -->
        <test-method signature="dataProvideLoginCheck(java.lang.String,java.lang.String)[pri:0, instance:com.OrangeHRM.TestCases.TC_002_DataProvider@7d64e326]" started-at="2022-05-20T23:10:13 IST" name="dataProvideLoginCheck" data-provider="getData" finished-at="2022-05-20T23:10:17 IST" duration-ms="3554" status="PASS">
          <params>
            <param index="0">
              <value>
                <![CDATA[Admin223]]>
              </value>
            </param>
            <param index="1">
              <value>
                <![CDATA[admin123]]>
              </value>
            </param>
          </params>
          <reporter-output>
          </reporter-output>
        </test-method> <!-- dataProvideLoginCheck -->
        <test-method signature="dataProvideLoginCheck(java.lang.String,java.lang.String)[pri:0, instance:com.OrangeHRM.TestCases.TC_002_DataProvider@7d64e326]" started-at="2022-05-20T23:10:17 IST" name="dataProvideLoginCheck" data-provider="getData" finished-at="2022-05-20T23:10:19 IST" duration-ms="2468" status="PASS">
          <params>
            <param index="0">
              <value>
                <![CDATA[Admin223]]>
              </value>
            </param>
            <param index="1">
              <value>
                <![CDATA[add32]]>
              </value>
            </param>
          </params>
          <reporter-output>
          </reporter-output>
        </test-method> <!-- dataProvideLoginCheck -->
        <test-method signature="dataProvideLoginCheck(java.lang.String,java.lang.String)[pri:0, instance:com.OrangeHRM.TestCases.TC_002_DataProvider@7d64e326]" started-at="2022-05-20T23:10:19 IST" name="dataProvideLoginCheck" data-provider="getData" finished-at="2022-05-20T23:10:27 IST" duration-ms="8179" status="PASS">
          <params>
            <param index="0">
              <value>
                <![CDATA[Admin]]>
              </value>
            </param>
            <param index="1">
              <value>
                <![CDATA[admin123]]>
              </value>
            </param>
          </params>
          <reporter-output>
          </reporter-output>
        </test-method> <!-- dataProvideLoginCheck -->
      </class> <!-- com.OrangeHRM.TestCases.TC_002_DataProvider -->
    </test> <!-- Default test -->
  </suite> <!-- Default suite -->
</testng-results>
